* using log directory ‘/Users/taopeng/Box/SCRABBLE_GitHub/Test/R/SCRABBLE.Rcheck’
* using R version 3.4.4 (2018-03-15)
* using platform: x86_64-apple-darwin15.6.0 (64-bit)
* using session charset: UTF-8
* using option ‘--as-cran’
* checking for file ‘SCRABBLE/DESCRIPTION’ ... OK
* checking extension type ... Package
* this is package ‘SCRABBLE’ version ‘0.0.1’
* package encoding: UTF-8
* checking CRAN incoming feasibility ... NOTE
Maintainer: ‘The package maintainer Tao Peng <software.github@gmail.com>’

New submission

The Title field should be in title case, current version then in title case:
‘Impute scRNAseq data method’
‘Impute scRNAseq Data Method’

The Description field should not start with the package name,
  'This package' or similar.

Size of tarball: 7532860 bytes
* checking package namespace information ... OK
* checking package dependencies ... OK
* checking if this is a source package ... OK
* checking if there is a namespace ... OK
* checking for executable files ... OK
* checking for hidden files and directories ... NOTE
Found the following hidden files and directories:
  R/.Rd2pdf14510
  R/.Rd2pdf15102
  R/.Rd2pdf15116
These were most likely included in error. See section ‘Package
structure’ in the ‘Writing R Extensions’ manual.

CRAN-pack does not know about
  R/.Rd2pdf14510
  R/.Rd2pdf15102
  R/.Rd2pdf15116
* checking for portable file names ... OK
* checking for sufficient/correct file permissions ... OK
* checking whether package ‘SCRABBLE’ can be installed ... OK
* checking installed package size ... NOTE
  installed size is  7.7Mb
  sub-directories of 1Mb or more:
    data   2.9Mb
    doc    4.3Mb
* checking package directory ... OK
* checking ‘build’ directory ... OK
* checking DESCRIPTION meta-information ... NOTE
'LinkingTo' for ‘gridExtra’ is unused as it has no 'include' directory
* checking top-level files ... NOTE
Non-standard file/directory found at top level:
  ‘README_R.md’
* checking for left-over files ... OK
* checking index information ... OK
* checking package subdirectories ... WARNING
Found the following directories with names of Rd2pdf directories:
  ./R/.Rd2pdf14510
  ./R/.Rd2pdf15102
  ./R/.Rd2pdf15116
Most likely, these were included erroneously.
* checking R files for non-ASCII characters ... OK
* checking R files for syntax errors ... OK
* checking whether the package can be loaded ... OK
* checking whether the package can be loaded with stated dependencies ... OK
* checking whether the package can be unloaded cleanly ... OK
* checking whether the namespace can be loaded with stated dependencies ... OK
* checking whether the namespace can be unloaded cleanly ... OK
* checking use of S3 registration ... OK
* checking dependencies in R code ... OK
* checking S3 generic/method consistency ... OK
* checking replacement functions ... OK
* checking foreign function calls ... OK
* checking R code for possible problems ... NOTE
plot_data: no visible global function definition for ‘colorRampPalette’
plot_data: no visible binding for global variable ‘Var2’
plot_data: no visible binding for global variable ‘Var1’
plot_data: no visible binding for global variable ‘value’
scrabble: no visible global function definition for ‘as’
Undefined global functions or variables:
  Var1 Var2 as colorRampPalette value
Consider adding
  importFrom("grDevices", "colorRampPalette")
  importFrom("methods", "as")
to your NAMESPACE file (and ensure that your DESCRIPTION Imports field
contains 'methods').
* checking Rd files ... OK
* checking Rd metadata ... OK
* checking Rd line widths ... OK
* checking Rd cross-references ... OK
* checking for missing documentation entries ... WARNING
Undocumented code objects:
  ‘plot_data’
All user-level objects in a package should have documentation entries.
See chapter ‘Writing R documentation files’ in the ‘Writing R
Extensions’ manual.
* checking for code/documentation mismatches ... OK
* checking Rd \usage sections ... OK
* checking Rd contents ... OK
* checking for unstated dependencies in examples ... OK
* checking contents of ‘data’ directory ... OK
* checking data for non-ASCII characters ... OK
* checking data for ASCII and uncompressed saves ... WARNING
  
  Note: significantly better compression could be obtained
        by using R CMD build --resave-data
                  old_size new_size compress
  demo_data.RData    2.9Mb    1.9Mb       xz
* checking line endings in C/C++/Fortran sources/headers ... OK
* checking compiled code ... OK
* checking sizes of PDF files under ‘inst/doc’ ... WARNING
  ‘gs+qpdf’ made some significant size reductions:
     compacted ‘my-vignette.pdf’ from 4386Kb to 186Kb
  consider running tools::compactPDF(gs_quality = "ebook") on these files
* checking installed files from ‘inst/doc’ ... OK
* checking files in ‘vignettes’ ... OK
* checking examples ... ERROR
Running examples in ‘SCRABBLE-Ex.R’ failed
The error most likely occurred in:

> base::assign(".ptime", proc.time(), pos = "CheckExEnv")
> ### Name: scrabble
> ### Title: Runs SCRABBLE
> ### Aliases: scrabble
> 
> ### ** Examples
> 
> # Set up the parameter used in SCRABBLE
> parameter <- c(1, 1e-6, 1e-4)
> 
> # Run SCRABLE
> result <- scrabble(data,parameter = parameter)
Error in data[[1]] : object of type 'closure' is not subsettable
Calls: scrabble -> as -> .class1 -> t -> as.matrix
Execution halted
* checking for unstated dependencies in vignettes ... OK
* checking package vignettes in ‘inst/doc’ ... OK
* checking re-building of vignette outputs ...